e:\dev\programming projects\c++\tfmmenu\tfmmenu\debug\vc143.pdb
e:\dev\programming projects\c++\tfmmenu\tfmmenu\debug\vc143.idb
e:\dev\programming projects\c++\tfmmenu\tfmmenu\debug\utils.obj
e:\dev\programming projects\c++\tfmmenu\tfmmenu\debug\tfm.obj
e:\dev\programming projects\c++\tfmmenu\tfmmenu\debug\source.obj
e:\dev\programming projects\c++\tfmmenu\tfmmenu\debug\bytearray.obj
e:\dev\programming projects\c++\tfmmenu\tfmmenu\debug\hook.obj
e:\dev\programming projects\c++\tfmmenu\tfmmenu\debug\tfmplayer.obj
e:\dev\programming projects\c++\tfmmenu\tfmmenu\debug\kiero.obj
e:\dev\programming projects\c++\tfmmenu\tfmmenu\debug\send_handlers.obj
e:\dev\programming projects\c++\tfmmenu\tfmmenu\debug\recv_handlers.obj
e:\dev\programming projects\c++\tfmmenu\tfmmenu\debug\main.obj
e:\dev\programming projects\c++\tfmmenu\tfmmenu\debug\tfm_room.obj
e:\dev\programming projects\c++\tfmmenu\tfmmenu\debug\tfm_network.obj
e:\dev\programming projects\c++\tfmmenu\tfmmenu\debug\tfm_hooks.obj
e:\dev\programming projects\c++\tfmmenu\tfmmenu\debug\tfm_object.obj
e:\dev\programming projects\c++\tfmmenu\tfmmenu\debug\tfm_me.obj
e:\dev\programming projects\c++\tfmmenu\tfmmenu\debug\tfm_variables.obj
e:\dev\programming projects\c++\tfmmenu\debug\tfmmenu.dll
e:\dev\programming projects\c++\tfmmenu\tfmmenu\debug\tfmmenu.ilk
e:\dev\programming projects\c++\tfmmenu\debug\tfmmenu.pdb
e:\dev\programming projects\c++\tfmmenu\tfmmenu\debug\d3d.obj
e:\dev\programming projects\c++\tfmmenu\tfmmenu\debug\tfmmenu.tlog\cl.command.1.tlog
e:\dev\programming projects\c++\tfmmenu\tfmmenu\debug\tfmmenu.tlog\cl.read.1.tlog
e:\dev\programming projects\c++\tfmmenu\tfmmenu\debug\tfmmenu.tlog\cl.write.1.tlog
e:\dev\programming projects\c++\tfmmenu\tfmmenu\debug\tfmmenu.tlog\link.command.1.tlog
e:\dev\programming projects\c++\tfmmenu\tfmmenu\debug\tfmmenu.tlog\link.read.1.tlog
e:\dev\programming projects\c++\tfmmenu\tfmmenu\debug\tfmmenu.tlog\link.write.1.tlog
