  D3DOverlay.cpp
  hook.cpp
E:\dev\Programming Projects\C++\TFMMenu\TFMMenu\hook.cpp(37,41): warning C4309: '=': truncation of constant value
E:\dev\Programming Projects\C++\TFMMenu\TFMMenu\hook.cpp(54,15): warning C4018: '<': signed/unsigned mismatch
  bytearray.cpp
E:\dev\Programming Projects\C++\TFMMenu\TFMMenu\bytearray.cpp(33,19): warning C4018: '>=': signed/unsigned mismatch
  imgui.cpp
  imgui_demo.cpp
  imgui_draw.cpp
  imgui_impl_dx9.cpp
  imgui_impl_win32.cpp
  imgui_tables.cpp
  imgui_widgets.cpp
  imgui_impl_dx11.cpp
  kiero.cpp
  handlers_main.cpp
E:\dev\Programming Projects\C++\TFMMenu\TFMMenu\tfm.hpp(10,10): fatal  error C1083: Cannot open include file: 'd3dx9.h': No such file or directory
  menu_main.cpp
E:\dev\Programming Projects\C++\TFMMenu\TFMMenu\tfm.hpp(10,10): fatal  error C1083: Cannot open include file: 'd3dx9.h': No such file or directory
  recv_handlers.cpp
E:\dev\Programming Projects\C++\TFMMenu\TFMMenu\tfm.hpp(10,10): fatal  error C1083: Cannot open include file: 'd3dx9.h': No such file or directory
  send_handlers.cpp
E:\dev\Programming Projects\C++\TFMMenu\TFMMenu\tfm.hpp(10,10): fatal  error C1083: Cannot open include file: 'd3dx9.h': No such file or directory
  source.cpp
E:\dev\Programming Projects\C++\TFMMenu\TFMMenu\tfm.hpp(10,10): fatal  error C1083: Cannot open include file: 'd3dx9.h': No such file or directory
  tfm.cpp
E:\dev\Programming Projects\C++\TFMMenu\TFMMenu\tfm.hpp(10,10): fatal  error C1083: Cannot open include file: 'd3dx9.h': No such file or directory
  tfm_me.cpp
E:\dev\Programming Projects\C++\TFMMenu\TFMMenu\tfm.hpp(10,10): fatal  error C1083: Cannot open include file: 'd3dx9.h': No such file or directory
  tfm_object.cpp
E:\dev\Programming Projects\C++\TFMMenu\TFMMenu\tfm.hpp(10,10): fatal  error C1083: Cannot open include file: 'd3dx9.h': No such file or directory
  Generating Code...
  Compiling...
  tfmplayer.cpp
E:\dev\Programming Projects\C++\TFMMenu\TFMMenu\tfm.hpp(10,10): fatal  error C1083: Cannot open include file: 'd3dx9.h': No such file or directory
  tfm_hooks.cpp
E:\dev\Programming Projects\C++\TFMMenu\TFMMenu\tfm.hpp(10,10): fatal  error C1083: Cannot open include file: 'd3dx9.h': No such file or directory
  tfm_network.cpp
E:\dev\Programming Projects\C++\TFMMenu\TFMMenu\tfm.hpp(10,10): fatal  error C1083: Cannot open include file: 'd3dx9.h': No such file or directory
  tfm_room.cpp
E:\dev\Programming Projects\C++\TFMMenu\TFMMenu\tfm.hpp(10,10): fatal  error C1083: Cannot open include file: 'd3dx9.h': No such file or directory
  tfm_variables.cpp
E:\dev\Programming Projects\C++\TFMMenu\TFMMenu\tfm.hpp(10,10): fatal  error C1083: Cannot open include file: 'd3dx9.h': No such file or directory
  tfm_xml_reader.cpp
E:\dev\Programming Projects\C++\TFMMenu\TFMMenu\tfm.hpp(10,10): fatal  error C1083: Cannot open include file: 'd3dx9.h': No such file or directory
  utils.cpp
  Generating Code...
